<?xml version="1.0" encoding="UTF-8"?>
<testng-results ignored="15" total="25" passed="7" failed="3" skipped="0">
  <reporter-output>
  </reporter-output>
  <suite started-at="2023-11-26T15:19:31 IST" name="Suite" finished-at="2023-11-26T15:22:20 IST" duration-ms="168044">
    <groups>
      <group name="Sanity">
        <method signature="AddToCartPageTest.addToCartTest()[pri:0, instance:com.capstone.testcases.AddToCartPageTest@942a29c]" name="addToCartTest" class="com.capstone.testcases.AddToCartPageTest"/>
        <method signature="LoginPageTest.loginTest(java.lang.String,java.lang.String)[pri:0, instance:com.capstone.testcases.LoginPageTest@2d52216b]" name="loginTest" class="com.capstone.testcases.LoginPageTest"/>
      </group> <!-- Sanity -->
      <group name="Regression">
        <method signature="AddToCartPageTest.addToCartTest()[pri:0, instance:com.capstone.testcases.AddToCartPageTest@942a29c]" name="addToCartTest" class="com.capstone.testcases.AddToCartPageTest"/>
        <method signature="EndToEndTest.endToEndTest()[pri:0, instance:com.capstone.testcases.EndToEndTest@7d4f9aae]" name="endToEndTest" class="com.capstone.testcases.EndToEndTest"/>
      </group> <!-- Regression -->
      <group name="Smoke">
        <method signature="AccountPageTest.orderHistoryTest()[pri:0, instance:com.capstone.testcases.AccountPageTest@73e9cf30]" name="orderHistoryTest" class="com.capstone.testcases.AccountPageTest"/>
        <method signature="AccountPageTest.wishListTest()[pri:0, instance:com.capstone.testcases.AccountPageTest@73e9cf30]" name="wishListTest" class="com.capstone.testcases.AccountPageTest"/>
        <method signature="HomePageTest.verifyLogo()[pri:0, instance:com.capstone.testcases.HomePageTest@242b836]" name="verifyLogo" class="com.capstone.testcases.HomePageTest"/>
        <method signature="HomePageTest.verifyTitle()[pri:0, instance:com.capstone.testcases.HomePageTest@242b836]" name="verifyTitle" class="com.capstone.testcases.HomePageTest"/>
        <method signature="LoginPageTest.loginTest(java.lang.String,java.lang.String)[pri:0, instance:com.capstone.testcases.LoginPageTest@2d52216b]" name="loginTest" class="com.capstone.testcases.LoginPageTest"/>
        <method signature="SearchResultsPageTest.productAvailibilityTest(java.lang.String)[pri:0, instance:com.capstone.testcases.SearchResultsPageTest@771a660]" name="productAvailibilityTest" class="com.capstone.testcases.SearchResultsPageTest"/>
      </group> <!-- Smoke -->
    </groups>
    <test started-at="2023-11-26T15:19:31 IST" name="Test" finished-at="2023-11-26T15:22:20 IST" duration-ms="168044">
      <class name="com.capstone.testcases.LoginPageTest">
        <test-method is-config="true" signature="setup()[pri:0, instance:com.capstone.testcases.LoginPageTest@2d52216b]" started-at="2023-11-26T15:21:37 IST" name="setup" finished-at="2023-11-26T15:21:40 IST" duration-ms="3184" status="PASS">
          <reporter-output>
          </reporter-output>
        </test-method> <!-- setup -->
        <test-method signature="loginTest(java.lang.String,java.lang.String)[pri:0, instance:com.capstone.testcases.LoginPageTest@2d52216b]" started-at="2023-11-26T15:21:40 IST" name="loginTest" data-provider="credentials" finished-at="2023-11-26T15:21:47 IST" duration-ms="7028" status="PASS">
          <params>
            <param index="0">
              <value>
                <![CDATA[febinthomaskunnath@gmail.com]]>
              </value>
            </param>
            <param index="1">
              <value>
                <![CDATA[9809402924]]>
              </value>
            </param>
          </params>
          <reporter-output>
          </reporter-output>
        </test-method> <!-- loginTest -->
        <test-method is-config="true" signature="tearDown()[pri:0, instance:com.capstone.testcases.LoginPageTest@2d52216b]" started-at="2023-11-26T15:21:47 IST" name="tearDown" finished-at="2023-11-26T15:21:48 IST" duration-ms="507" status="PASS">
          <reporter-output>
          </reporter-output>
        </test-method> <!-- tearDown -->
        <test-method is-config="true" signature="setup()[pri:0, instance:com.capstone.testcases.LoginPageTest@2d52216b]" started-at="2023-11-26T15:21:48 IST" name="setup" finished-at="2023-11-26T15:21:51 IST" duration-ms="3079" status="PASS">
          <reporter-output>
          </reporter-output>
        </test-method> <!-- setup -->
        <test-method signature="loginTest(java.lang.String,java.lang.String)[pri:0, instance:com.capstone.testcases.LoginPageTest@2d52216b]" started-at="2023-11-26T15:21:51 IST" name="loginTest" data-provider="credentials" finished-at="2023-11-26T15:21:57 IST" duration-ms="6227" status="FAIL">
          <params>
            <param index="0">
              <value>
                <![CDATA[test@example.com]]>
              </value>
            </param>
            <param index="1">
              <value>
                <![CDATA[12345678]]>
              </value>
            </param>
          </params>
          <exception class="java.lang.AssertionError">
            <message>
              <![CDATA[expected [https://www.amazon.in/?ref_=nav_ya_signin] but found [https://www.amazon.in/ap/signin]]]>
            </message>
            <full-stacktrace>
              <![CDATA[java.lang.AssertionError: expected [https://www.amazon.in/?ref_=nav_ya_signin] but found [https://www.amazon.in/ap/signin]
at org.testng.Assert.fail(Assert.java:99)
at org.testng.Assert.failNotEquals(Assert.java:1037)
at org.testng.Assert.assertEqualsImpl(Assert.java:140)
at org.testng.Assert.assertEquals(Assert.java:122)
at org.testng.Assert.assertEquals(Assert.java:629)
at org.testng.Assert.assertEquals(Assert.java:639)
at com.capstone.testcases.LoginPageTest.loginTest(LoginPageTest.java:42)
at java.base/jdk.internal.reflect.NativeMethodAccessorImpl.invoke0(Native Method)
at java.base/jdk.internal.reflect.NativeMethodAccessorImpl.invoke(NativeMethodAccessorImpl.java:77)
at java.base/jdk.internal.reflect.DelegatingMethodAccessorImpl.invoke(DelegatingMethodAccessorImpl.java:43)
at java.base/java.lang.reflect.Method.invoke(Method.java:568)
at org.testng.internal.MethodInvocationHelper.invokeMethod(MethodInvocationHelper.java:133)
at org.testng.internal.TestInvoker.invokeMethod(TestInvoker.java:598)
at org.testng.internal.TestInvoker.invokeTestMethod(TestInvoker.java:173)
at org.testng.internal.MethodRunner.runInSequence(MethodRunner.java:46)
at org.testng.internal.TestInvoker$MethodInvocationAgent.invoke(TestInvoker.java:824)
at org.testng.internal.TestInvoker.invokeTestMethods(TestInvoker.java:146)
at org.testng.internal.TestMethodWorker.invokeTestMethods(TestMethodWorker.java:146)
at org.testng.internal.TestMethodWorker.run(TestMethodWorker.java:128)
at java.base/java.util.ArrayList.forEach(ArrayList.java:1511)
at org.testng.TestRunner.privateRun(TestRunner.java:794)
at org.testng.TestRunner.run(TestRunner.java:596)
at org.testng.SuiteRunner.runTest(SuiteRunner.java:377)
at org.testng.SuiteRunner.runSequentially(SuiteRunner.java:371)
at org.testng.SuiteRunner.privateRun(SuiteRunner.java:332)
at org.testng.SuiteRunner.run(SuiteRunner.java:276)
at org.testng.SuiteRunnerWorker.runSuite(SuiteRunnerWorker.java:53)
at org.testng.SuiteRunnerWorker.run(SuiteRunnerWorker.java:96)
at org.testng.TestNG.runSuitesSequentially(TestNG.java:1212)
at org.testng.TestNG.runSuitesLocally(TestNG.java:1134)
at org.testng.TestNG.runSuites(TestNG.java:1063)
at org.testng.TestNG.run(TestNG.java:1031)
at org.testng.remote.AbstractRemoteTestNG.run(AbstractRemoteTestNG.java:115)
at org.testng.remote.RemoteTestNG.initAndRun(RemoteTestNG.java:251)
at org.testng.remote.RemoteTestNG.main(RemoteTestNG.java:77)
]]>
            </full-stacktrace>
          </exception> <!-- java.lang.AssertionError -->
          <reporter-output>
          </reporter-output>
        </test-method> <!-- loginTest -->
        <test-method is-config="true" signature="tearDown()[pri:0, instance:com.capstone.testcases.LoginPageTest@2d52216b]" started-at="2023-11-26T15:21:57 IST" name="tearDown" finished-at="2023-11-26T15:21:58 IST" duration-ms="566" status="PASS">
          <reporter-output>
          </reporter-output>
        </test-method> <!-- tearDown -->
      </class> <!-- com.capstone.testcases.LoginPageTest -->
      <class name="com.capstone.testcases.HomePageTest">
        <test-method is-config="true" signature="setup()[pri:0, instance:com.capstone.testcases.HomePageTest@242b836]" started-at="2023-11-26T15:21:58 IST" name="setup" finished-at="2023-11-26T15:22:01 IST" duration-ms="3190" status="PASS">
          <reporter-output>
          </reporter-output>
        </test-method> <!-- setup -->
        <test-method signature="verifyLogo()[pri:0, instance:com.capstone.testcases.HomePageTest@242b836]" started-at="2023-11-26T15:22:01 IST" name="verifyLogo" finished-at="2023-11-26T15:22:02 IST" duration-ms="328" status="PASS">
          <reporter-output>
          </reporter-output>
        </test-method> <!-- verifyLogo -->
        <test-method is-config="true" signature="tearDown()[pri:0, instance:com.capstone.testcases.HomePageTest@242b836]" started-at="2023-11-26T15:22:02 IST" name="tearDown" finished-at="2023-11-26T15:22:02 IST" duration-ms="455" status="PASS">
          <reporter-output>
          </reporter-output>
        </test-method> <!-- tearDown -->
        <test-method is-config="true" signature="setup()[pri:0, instance:com.capstone.testcases.HomePageTest@242b836]" started-at="2023-11-26T15:22:02 IST" name="setup" finished-at="2023-11-26T15:22:05 IST" duration-ms="3115" status="PASS">
          <reporter-output>
          </reporter-output>
        </test-method> <!-- setup -->
        <test-method signature="verifyTitle()[pri:0, instance:com.capstone.testcases.HomePageTest@242b836]" started-at="2023-11-26T15:22:05 IST" name="verifyTitle" finished-at="2023-11-26T15:22:05 IST" duration-ms="128" status="PASS">
          <reporter-output>
          </reporter-output>
        </test-method> <!-- verifyTitle -->
        <test-method is-config="true" signature="tearDown()[pri:0, instance:com.capstone.testcases.HomePageTest@242b836]" started-at="2023-11-26T15:22:05 IST" name="tearDown" finished-at="2023-11-26T15:22:06 IST" duration-ms="432" status="PASS">
          <reporter-output>
          </reporter-output>
        </test-method> <!-- tearDown -->
      </class> <!-- com.capstone.testcases.HomePageTest -->
      <class name="com.capstone.testcases.AccountPageTest">
        <test-method is-config="true" signature="setup()[pri:0, instance:com.capstone.testcases.AccountPageTest@73e9cf30]" started-at="2023-11-26T15:20:36 IST" name="setup" finished-at="2023-11-26T15:20:39 IST" duration-ms="3198" status="PASS">
          <reporter-output>
          </reporter-output>
        </test-method> <!-- setup -->
        <test-method signature="orderHistoryTest()[pri:0, instance:com.capstone.testcases.AccountPageTest@73e9cf30]" started-at="2023-11-26T15:20:39 IST" name="orderHistoryTest" finished-at="2023-11-26T15:20:50 IST" duration-ms="10910" status="PASS">
          <reporter-output>
          </reporter-output>
        </test-method> <!-- orderHistoryTest -->
        <test-method is-config="true" signature="tearDown()[pri:0, instance:com.capstone.testcases.AccountPageTest@73e9cf30]" started-at="2023-11-26T15:20:50 IST" name="tearDown" finished-at="2023-11-26T15:20:51 IST" duration-ms="534" status="PASS">
          <reporter-output>
          </reporter-output>
        </test-method> <!-- tearDown -->
        <test-method is-config="true" signature="setup()[pri:0, instance:com.capstone.testcases.AccountPageTest@73e9cf30]" started-at="2023-11-26T15:20:51 IST" name="setup" finished-at="2023-11-26T15:20:54 IST" duration-ms="3184" status="PASS">
          <reporter-output>
          </reporter-output>
        </test-method> <!-- setup -->
        <test-method signature="wishListTest()[pri:0, instance:com.capstone.testcases.AccountPageTest@73e9cf30]" started-at="2023-11-26T15:20:54 IST" name="wishListTest" finished-at="2023-11-26T15:21:02 IST" duration-ms="7937" status="PASS">
          <reporter-output>
          </reporter-output>
        </test-method> <!-- wishListTest -->
        <test-method is-config="true" signature="tearDown()[pri:0, instance:com.capstone.testcases.AccountPageTest@73e9cf30]" started-at="2023-11-26T15:21:02 IST" name="tearDown" finished-at="2023-11-26T15:21:03 IST" duration-ms="662" status="PASS">
          <reporter-output>
          </reporter-output>
        </test-method> <!-- tearDown -->
      </class> <!-- com.capstone.testcases.AccountPageTest -->
      <class name="com.capstone.testcases.EndToEndTest">
        <test-method is-config="true" signature="beforeSuite()[pri:0, instance:com.capstone.testcases.EndToEndTest@7d4f9aae]" started-at="2023-11-26T15:19:31 IST" name="beforeSuite" finished-at="2023-11-26T15:19:31 IST" duration-ms="599" status="PASS">
          <reporter-output>
          </reporter-output>
        </test-method> <!-- beforeSuite -->
        <test-method is-config="true" signature="loadConfig()[pri:0, instance:com.capstone.testcases.EndToEndTest@7d4f9aae]" started-at="2023-11-26T15:19:31 IST" name="loadConfig" finished-at="2023-11-26T15:19:31 IST" duration-ms="2" status="PASS">
          <reporter-output>
          </reporter-output>
        </test-method> <!-- loadConfig -->
        <test-method is-config="true" signature="setup()[pri:0, instance:com.capstone.testcases.EndToEndTest@7d4f9aae]" started-at="2023-11-26T15:19:32 IST" name="setup" finished-at="2023-11-26T15:19:36 IST" duration-ms="4514" status="PASS">
          <reporter-output>
          </reporter-output>
        </test-method> <!-- setup -->
        <test-method signature="endToEndTest()[pri:0, instance:com.capstone.testcases.EndToEndTest@7d4f9aae]" started-at="2023-11-26T15:19:36 IST" name="endToEndTest" finished-at="2023-11-26T15:20:35 IST" duration-ms="59444" status="PASS">
          <reporter-output>
          </reporter-output>
        </test-method> <!-- endToEndTest -->
        <test-method is-config="true" signature="tearDown()[pri:0, instance:com.capstone.testcases.EndToEndTest@7d4f9aae]" started-at="2023-11-26T15:20:35 IST" name="tearDown" finished-at="2023-11-26T15:20:36 IST" duration-ms="723" status="PASS">
          <reporter-output>
          </reporter-output>
        </test-method> <!-- tearDown -->
        <test-method is-config="true" signature="afterSuite()[pri:0, instance:com.capstone.testcases.EndToEndTest@7d4f9aae]" started-at="2023-11-26T15:22:20 IST" name="afterSuite" finished-at="2023-11-26T15:22:20 IST" duration-ms="646" status="PASS">
          <reporter-output>
          </reporter-output>
        </test-method> <!-- afterSuite -->
      </class> <!-- com.capstone.testcases.EndToEndTest -->
      <class name="com.capstone.testcases.SearchResultsPageTest">
        <test-method is-config="true" signature="setup()[pri:0, instance:com.capstone.testcases.SearchResultsPageTest@771a660]" started-at="2023-11-26T15:21:05 IST" name="setup" finished-at="2023-11-26T15:21:08 IST" duration-ms="3056" status="PASS">
          <reporter-output>
          </reporter-output>
        </test-method> <!-- setup -->
        <test-method signature="productAvailibilityTest(java.lang.String)[pri:0, instance:com.capstone.testcases.SearchResultsPageTest@771a660]" started-at="2023-11-26T15:21:08 IST" name="productAvailibilityTest" data-provider="searchProduct" finished-at="2023-11-26T15:21:14 IST" duration-ms="6181" status="PASS">
          <params>
            <param index="0">
              <value>
                <![CDATA[Mens shirts]]>
              </value>
            </param>
          </params>
          <reporter-output>
          </reporter-output>
        </test-method> <!-- productAvailibilityTest -->
        <test-method is-config="true" signature="tearDown()[pri:0, instance:com.capstone.testcases.SearchResultsPageTest@771a660]" started-at="2023-11-26T15:21:14 IST" name="tearDown" finished-at="2023-11-26T15:21:14 IST" duration-ms="546" status="PASS">
          <reporter-output>
          </reporter-output>
        </test-method> <!-- tearDown -->
        <test-method is-config="true" signature="setup()[pri:0, instance:com.capstone.testcases.SearchResultsPageTest@771a660]" started-at="2023-11-26T15:21:14 IST" name="setup" finished-at="2023-11-26T15:21:18 IST" duration-ms="3281" status="PASS">
          <reporter-output>
          </reporter-output>
        </test-method> <!-- setup -->
        <test-method signature="productAvailibilityTest(java.lang.String)[pri:0, instance:com.capstone.testcases.SearchResultsPageTest@771a660]" started-at="2023-11-26T15:21:18 IST" name="productAvailibilityTest" data-provider="searchProduct" finished-at="2023-11-26T15:21:36 IST" duration-ms="18207" status="FAIL">
          <params>
            <param index="0">
              <value>
                <![CDATA[google home]]>
              </value>
            </param>
          </params>
          <exception class="java.lang.AssertionError">
            <message>
              <![CDATA[expected [true] but found [false]]]>
            </message>
            <full-stacktrace>
              <![CDATA[java.lang.AssertionError: expected [true] but found [false]
at org.testng.Assert.fail(Assert.java:99)
at org.testng.Assert.failNotEquals(Assert.java:1037)
at org.testng.Assert.assertTrue(Assert.java:45)
at org.testng.Assert.assertTrue(Assert.java:55)
at com.capstone.testcases.SearchResultsPageTest.productAvailibilityTest(SearchResultsPageTest.java:39)
at java.base/jdk.internal.reflect.NativeMethodAccessorImpl.invoke0(Native Method)
at java.base/jdk.internal.reflect.NativeMethodAccessorImpl.invoke(NativeMethodAccessorImpl.java:77)
at java.base/jdk.internal.reflect.DelegatingMethodAccessorImpl.invoke(DelegatingMethodAccessorImpl.java:43)
at java.base/java.lang.reflect.Method.invoke(Method.java:568)
at org.testng.internal.MethodInvocationHelper.invokeMethod(MethodInvocationHelper.java:133)
at org.testng.internal.TestInvoker.invokeMethod(TestInvoker.java:598)
at org.testng.internal.TestInvoker.invokeTestMethod(TestInvoker.java:173)
at org.testng.internal.MethodRunner.runInSequence(MethodRunner.java:46)
at org.testng.internal.TestInvoker$MethodInvocationAgent.invoke(TestInvoker.java:824)
at org.testng.internal.TestInvoker.invokeTestMethods(TestInvoker.java:146)
at org.testng.internal.TestMethodWorker.invokeTestMethods(TestMethodWorker.java:146)
at org.testng.internal.TestMethodWorker.run(TestMethodWorker.java:128)
at java.base/java.util.ArrayList.forEach(ArrayList.java:1511)
at org.testng.TestRunner.privateRun(TestRunner.java:794)
at org.testng.TestRunner.run(TestRunner.java:596)
at org.testng.SuiteRunner.runTest(SuiteRunner.java:377)
at org.testng.SuiteRunner.runSequentially(SuiteRunner.java:371)
at org.testng.SuiteRunner.privateRun(SuiteRunner.java:332)
at org.testng.SuiteRunner.run(SuiteRunner.java:276)
at org.testng.SuiteRunnerWorker.runSuite(SuiteRunnerWorker.java:53)
at org.testng.SuiteRunnerWorker.run(SuiteRunnerWorker.java:96)
at org.testng.TestNG.runSuitesSequentially(TestNG.java:1212)
at org.testng.TestNG.runSuitesLocally(TestNG.java:1134)
at org.testng.TestNG.runSuites(TestNG.java:1063)
at org.testng.TestNG.run(TestNG.java:1031)
at org.testng.remote.AbstractRemoteTestNG.run(AbstractRemoteTestNG.java:115)
at org.testng.remote.RemoteTestNG.initAndRun(RemoteTestNG.java:251)
at org.testng.remote.RemoteTestNG.main(RemoteTestNG.java:77)
]]>
            </full-stacktrace>
          </exception> <!-- java.lang.AssertionError -->
          <reporter-output>
          </reporter-output>
        </test-method> <!-- productAvailibilityTest -->
        <test-method is-config="true" signature="tearDown()[pri:0, instance:com.capstone.testcases.SearchResultsPageTest@771a660]" started-at="2023-11-26T15:21:36 IST" name="tearDown" finished-at="2023-11-26T15:21:37 IST" duration-ms="645" status="PASS">
          <reporter-output>
          </reporter-output>
        </test-method> <!-- tearDown -->
      </class> <!-- com.capstone.testcases.SearchResultsPageTest -->
      <class name="com.capstone.testcases.AddToCartPageTest">
        <test-method is-config="true" signature="setup()[pri:0, instance:com.capstone.testcases.AddToCartPageTest@942a29c]" started-at="2023-11-26T15:22:06 IST" name="setup" finished-at="2023-11-26T15:22:09 IST" duration-ms="3126" status="PASS">
          <reporter-output>
          </reporter-output>
        </test-method> <!-- setup -->
        <test-method signature="addToCartTest()[pri:0, instance:com.capstone.testcases.AddToCartPageTest@942a29c]" started-at="2023-11-26T15:22:09 IST" name="addToCartTest" finished-at="2023-11-26T15:22:18 IST" duration-ms="9662" status="FAIL">
          <exception class="org.openqa.selenium.ElementNotInteractableException">
            <message>
              <![CDATA[element not interactable: [object HTMLSpanElement] has no size and location
  (Session info: chrome=119.0.6045.160)
Build info: version: '3.141.59', revision: 'e82be7d358', time: '2018-11-14T08:17:03'
System info: host: 'MAA125CG0263V7D', ip: '11.144.69.137', os.name: 'Windows 10', os.arch: 'amd64', os.version: '10.0', java.version: '17.0.8.1'
Driver info: org.openqa.selenium.chrome.ChromeDriver
Capabilities {acceptInsecureCerts: false, browserName: chrome, browserVersion: 119.0.6045.160, chrome: {chromedriverVersion: 119.0.6045.105 (38c72552c5e..., userDataDir: C:\Users\thofebin\AppData\L...}, fedcm:accounts: true, goog:chromeOptions: {debuggerAddress: localhost:62750}, javascriptEnabled: true, networkConnectionEnabled: false, pageLoadStrategy: normal, platform: WINDOWS, platformName: WINDOWS, proxy: Proxy(), setWindowRect: true, strictFileInteractability: false, timeouts: {implicit: 0, pageLoad: 300000, script: 30000}, unhandledPromptBehavior: dismiss and notify, webauthn:extension:credBlob: true, webauthn:extension:largeBlob: true, webauthn:extension:minPinLength: true, webauthn:extension:prf: true, webauthn:virtualAuthenticators: true}
Session ID: 3ee3e363cdd618c43ae6fdcedd8add95]]>
            </message>
            <full-stacktrace>
              <![CDATA[org.openqa.selenium.ElementNotInteractableException: element not interactable: [object HTMLSpanElement] has no size and location
  (Session info: chrome=119.0.6045.160)
Build info: version: '3.141.59', revision: 'e82be7d358', time: '2018-11-14T08:17:03'
System info: host: 'MAA125CG0263V7D', ip: '11.144.69.137', os.name: 'Windows 10', os.arch: 'amd64', os.version: '10.0', java.version: '17.0.8.1'
Driver info: org.openqa.selenium.chrome.ChromeDriver
Capabilities {acceptInsecureCerts: false, browserName: chrome, browserVersion: 119.0.6045.160, chrome: {chromedriverVersion: 119.0.6045.105 (38c72552c5e..., userDataDir: C:\Users\thofebin\AppData\L...}, fedcm:accounts: true, goog:chromeOptions: {debuggerAddress: localhost:62750}, javascriptEnabled: true, networkConnectionEnabled: false, pageLoadStrategy: normal, platform: WINDOWS, platformName: WINDOWS, proxy: Proxy(), setWindowRect: true, strictFileInteractability: false, timeouts: {implicit: 0, pageLoad: 300000, script: 30000}, unhandledPromptBehavior: dismiss and notify, webauthn:extension:credBlob: true, webauthn:extension:largeBlob: true, webauthn:extension:minPinLength: true, webauthn:extension:prf: true, webauthn:virtualAuthenticators: true}
Session ID: 3ee3e363cdd618c43ae6fdcedd8add95
at java.base/jdk.internal.reflect.NativeConstructorAccessorImpl.newInstance0(Native Method)
at java.base/jdk.internal.reflect.NativeConstructorAccessorImpl.newInstance(NativeConstructorAccessorImpl.java:77)
at java.base/jdk.internal.reflect.DelegatingConstructorAccessorImpl.newInstance(DelegatingConstructorAccessorImpl.java:45)
at java.base/java.lang.reflect.Constructor.newInstanceWithCaller(Constructor.java:499)
at java.base/java.lang.reflect.Constructor.newInstance(Constructor.java:480)
at org.openqa.selenium.remote.http.W3CHttpResponseCodec.createException(W3CHttpResponseCodec.java:187)
at org.openqa.selenium.remote.http.W3CHttpResponseCodec.decode(W3CHttpResponseCodec.java:122)
at org.openqa.selenium.remote.http.W3CHttpResponseCodec.decode(W3CHttpResponseCodec.java:49)
at org.openqa.selenium.remote.HttpCommandExecutor.execute(HttpCommandExecutor.java:158)
at org.openqa.selenium.remote.service.DriverCommandExecutor.execute(DriverCommandExecutor.java:83)
at org.openqa.selenium.remote.RemoteWebDriver.execute(RemoteWebDriver.java:552)
at org.openqa.selenium.remote.RemoteWebDriver.perform(RemoteWebDriver.java:618)
at org.openqa.selenium.interactions.Actions$BuiltAction.perform(Actions.java:639)
at com.capstone.actiondriver.Action.click(Action.java:41)
at com.capstone.pageobjects.AddToCartPage.selectSize(AddToCartPage.java:41)
at com.capstone.testcases.AddToCartPageTest.addToCartTest(AddToCartPageTest.java:30)
at java.base/jdk.internal.reflect.NativeMethodAccessorImpl.invoke0(Native Method)
at java.base/jdk.internal.reflect.NativeMethodAccessorImpl.invoke(NativeMethodAccessorImpl.java:77)
at java.base/jdk.internal.reflect.DelegatingMethodAccessorImpl.invoke(DelegatingMethodAccessorImpl.java:43)
at java.base/java.lang.reflect.Method.invoke(Method.java:568)
at org.testng.internal.MethodInvocationHelper.invokeMethod(MethodInvocationHelper.java:133)
at org.testng.internal.TestInvoker.invokeMethod(TestInvoker.java:598)
at org.testng.internal.TestInvoker.invokeTestMethod(TestInvoker.java:173)
at org.testng.internal.MethodRunner.runInSequence(MethodRunner.java:46)
at org.testng.internal.TestInvoker$MethodInvocationAgent.invoke(TestInvoker.java:824)
at org.testng.internal.TestInvoker.invokeTestMethods(TestInvoker.java:146)
at org.testng.internal.TestMethodWorker.invokeTestMethods(TestMethodWorker.java:146)
at org.testng.internal.TestMethodWorker.run(TestMethodWorker.java:128)
at java.base/java.util.ArrayList.forEach(ArrayList.java:1511)
at org.testng.TestRunner.privateRun(TestRunner.java:794)
at org.testng.TestRunner.run(TestRunner.java:596)
at org.testng.SuiteRunner.runTest(SuiteRunner.java:377)
at org.testng.SuiteRunner.runSequentially(SuiteRunner.java:371)
at org.testng.SuiteRunner.privateRun(SuiteRunner.java:332)
at org.testng.SuiteRunner.run(SuiteRunner.java:276)
at org.testng.SuiteRunnerWorker.runSuite(SuiteRunnerWorker.java:53)
at org.testng.SuiteRunnerWorker.run(SuiteRunnerWorker.java:96)
at org.testng.TestNG.runSuitesSequentially(TestNG.java:1212)
at org.testng.TestNG.runSuitesLocally(TestNG.java:1134)
at org.testng.TestNG.runSuites(TestNG.java:1063)
at org.testng.TestNG.run(TestNG.java:1031)
at org.testng.remote.AbstractRemoteTestNG.run(AbstractRemoteTestNG.java:115)
at org.testng.remote.RemoteTestNG.initAndRun(RemoteTestNG.java:251)
at org.testng.remote.RemoteTestNG.main(RemoteTestNG.java:77)
]]>
            </full-stacktrace>
          </exception> <!-- org.openqa.selenium.ElementNotInteractableException -->
          <reporter-output>
          </reporter-output>
        </test-method> <!-- addToCartTest -->
        <test-method is-config="true" signature="tearDown()[pri:0, instance:com.capstone.testcases.AddToCartPageTest@942a29c]" started-at="2023-11-26T15:22:19 IST" name="tearDown" finished-at="2023-11-26T15:22:20 IST" duration-ms="544" status="PASS">
          <reporter-output>
          </reporter-output>
        </test-method> <!-- tearDown -->
      </class> <!-- com.capstone.testcases.AddToCartPageTest -->
    </test> <!-- Test -->
  </suite> <!-- Suite -->
</testng-results>
