<?xml version="1.0" encoding="UTF-8"?>
<testng-results ignored="15" total="25" passed="8" failed="2" skipped="0">
  <reporter-output>
  </reporter-output>
  <suite started-at="2023-11-26T15:42:41 IST" name="Suite" finished-at="2023-11-26T15:45:38 IST" duration-ms="177083">
    <groups>
      <group name="Sanity">
        <method signature="AddToCartPageTest.addToCartTest()[pri:0, instance:com.capstone.testcases.AddToCartPageTest@942a29c]" name="addToCartTest" class="com.capstone.testcases.AddToCartPageTest"/>
        <method signature="LoginPageTest.loginTest(java.lang.String,java.lang.String)[pri:0, instance:com.capstone.testcases.LoginPageTest@2d52216b]" name="loginTest" class="com.capstone.testcases.LoginPageTest"/>
      </group> <!-- Sanity -->
      <group name="Regression">
        <method signature="AddToCartPageTest.addToCartTest()[pri:0, instance:com.capstone.testcases.AddToCartPageTest@942a29c]" name="addToCartTest" class="com.capstone.testcases.AddToCartPageTest"/>
        <method signature="EndToEndTest.endToEndTest()[pri:0, instance:com.capstone.testcases.EndToEndTest@7d4f9aae]" name="endToEndTest" class="com.capstone.testcases.EndToEndTest"/>
      </group> <!-- Regression -->
      <group name="Smoke">
        <method signature="AccountPageTest.orderHistoryTest()[pri:0, instance:com.capstone.testcases.AccountPageTest@73e9cf30]" name="orderHistoryTest" class="com.capstone.testcases.AccountPageTest"/>
        <method signature="AccountPageTest.wishListTest()[pri:0, instance:com.capstone.testcases.AccountPageTest@73e9cf30]" name="wishListTest" class="com.capstone.testcases.AccountPageTest"/>
        <method signature="HomePageTest.verifyLogo()[pri:0, instance:com.capstone.testcases.HomePageTest@242b836]" name="verifyLogo" class="com.capstone.testcases.HomePageTest"/>
        <method signature="HomePageTest.verifyTitle()[pri:0, instance:com.capstone.testcases.HomePageTest@242b836]" name="verifyTitle" class="com.capstone.testcases.HomePageTest"/>
        <method signature="LoginPageTest.loginTest(java.lang.String,java.lang.String)[pri:0, instance:com.capstone.testcases.LoginPageTest@2d52216b]" name="loginTest" class="com.capstone.testcases.LoginPageTest"/>
        <method signature="SearchResultsPageTest.productAvailibilityTest(java.lang.String)[pri:0, instance:com.capstone.testcases.SearchResultsPageTest@771a660]" name="productAvailibilityTest" class="com.capstone.testcases.SearchResultsPageTest"/>
      </group> <!-- Smoke -->
    </groups>
    <test started-at="2023-11-26T15:42:41 IST" name="Test" finished-at="2023-11-26T15:45:38 IST" duration-ms="177083">
      <class name="com.capstone.testcases.LoginPageTest">
        <test-method is-config="true" signature="setup()[pri:0, instance:com.capstone.testcases.LoginPageTest@2d52216b]" started-at="2023-11-26T15:44:46 IST" name="setup" finished-at="2023-11-26T15:44:50 IST" duration-ms="3522" status="PASS">
          <reporter-output>
          </reporter-output>
        </test-method> <!-- setup -->
        <test-method signature="loginTest(java.lang.String,java.lang.String)[pri:0, instance:com.capstone.testcases.LoginPageTest@2d52216b]" started-at="2023-11-26T15:44:50 IST" name="loginTest" data-provider="credentials" finished-at="2023-11-26T15:44:57 IST" duration-ms="7255" status="PASS">
          <params>
            <param index="0">
              <value>
                <![CDATA[febinthomaskunnath@gmail.com]]>
              </value>
            </param>
            <param index="1">
              <value>
                <![CDATA[9809402924]]>
              </value>
            </param>
          </params>
          <reporter-output>
          </reporter-output>
        </test-method> <!-- loginTest -->
        <test-method is-config="true" signature="tearDown()[pri:0, instance:com.capstone.testcases.LoginPageTest@2d52216b]" started-at="2023-11-26T15:44:57 IST" name="tearDown" finished-at="2023-11-26T15:44:57 IST" duration-ms="546" status="PASS">
          <reporter-output>
          </reporter-output>
        </test-method> <!-- tearDown -->
        <test-method is-config="true" signature="setup()[pri:0, instance:com.capstone.testcases.LoginPageTest@2d52216b]" started-at="2023-11-26T15:44:57 IST" name="setup" finished-at="2023-11-26T15:45:01 IST" duration-ms="3815" status="PASS">
          <reporter-output>
          </reporter-output>
        </test-method> <!-- setup -->
        <test-method signature="loginTest(java.lang.String,java.lang.String)[pri:0, instance:com.capstone.testcases.LoginPageTest@2d52216b]" started-at="2023-11-26T15:45:01 IST" name="loginTest" data-provider="credentials" finished-at="2023-11-26T15:45:07 IST" duration-ms="6032" status="FAIL">
          <params>
            <param index="0">
              <value>
                <![CDATA[test@example.com]]>
              </value>
            </param>
            <param index="1">
              <value>
                <![CDATA[12345678]]>
              </value>
            </param>
          </params>
          <exception class="java.lang.AssertionError">
            <message>
              <![CDATA[expected [https://www.amazon.in/?ref_=nav_ya_signin] but found [https://www.amazon.in/ap/signin]]]>
            </message>
            <full-stacktrace>
              <![CDATA[java.lang.AssertionError: expected [https://www.amazon.in/?ref_=nav_ya_signin] but found [https://www.amazon.in/ap/signin]
at org.testng.Assert.fail(Assert.java:99)
at org.testng.Assert.failNotEquals(Assert.java:1037)
at org.testng.Assert.assertEqualsImpl(Assert.java:140)
at org.testng.Assert.assertEquals(Assert.java:122)
at org.testng.Assert.assertEquals(Assert.java:629)
at org.testng.Assert.assertEquals(Assert.java:639)
at com.capstone.testcases.LoginPageTest.loginTest(LoginPageTest.java:42)
at java.base/jdk.internal.reflect.NativeMethodAccessorImpl.invoke0(Native Method)
at java.base/jdk.internal.reflect.NativeMethodAccessorImpl.invoke(NativeMethodAccessorImpl.java:77)
at java.base/jdk.internal.reflect.DelegatingMethodAccessorImpl.invoke(DelegatingMethodAccessorImpl.java:43)
at java.base/java.lang.reflect.Method.invoke(Method.java:568)
at org.testng.internal.MethodInvocationHelper.invokeMethod(MethodInvocationHelper.java:133)
at org.testng.internal.TestInvoker.invokeMethod(TestInvoker.java:598)
at org.testng.internal.TestInvoker.invokeTestMethod(TestInvoker.java:173)
at org.testng.internal.MethodRunner.runInSequence(MethodRunner.java:46)
at org.testng.internal.TestInvoker$MethodInvocationAgent.invoke(TestInvoker.java:824)
at org.testng.internal.TestInvoker.invokeTestMethods(TestInvoker.java:146)
at org.testng.internal.TestMethodWorker.invokeTestMethods(TestMethodWorker.java:146)
at org.testng.internal.TestMethodWorker.run(TestMethodWorker.java:128)
at java.base/java.util.ArrayList.forEach(ArrayList.java:1511)
at org.testng.TestRunner.privateRun(TestRunner.java:794)
at org.testng.TestRunner.run(TestRunner.java:596)
at org.testng.SuiteRunner.runTest(SuiteRunner.java:377)
at org.testng.SuiteRunner.runSequentially(SuiteRunner.java:371)
at org.testng.SuiteRunner.privateRun(SuiteRunner.java:332)
at org.testng.SuiteRunner.run(SuiteRunner.java:276)
at org.testng.SuiteRunnerWorker.runSuite(SuiteRunnerWorker.java:53)
at org.testng.SuiteRunnerWorker.run(SuiteRunnerWorker.java:96)
at org.testng.TestNG.runSuitesSequentially(TestNG.java:1212)
at org.testng.TestNG.runSuitesLocally(TestNG.java:1134)
at org.testng.TestNG.runSuites(TestNG.java:1063)
at org.testng.TestNG.run(TestNG.java:1031)
at org.testng.remote.AbstractRemoteTestNG.run(AbstractRemoteTestNG.java:115)
at org.testng.remote.RemoteTestNG.initAndRun(RemoteTestNG.java:251)
at org.testng.remote.RemoteTestNG.main(RemoteTestNG.java:77)
]]>
            </full-stacktrace>
          </exception> <!-- java.lang.AssertionError -->
          <reporter-output>
          </reporter-output>
        </test-method> <!-- loginTest -->
        <test-method is-config="true" signature="tearDown()[pri:0, instance:com.capstone.testcases.LoginPageTest@2d52216b]" started-at="2023-11-26T15:45:08 IST" name="tearDown" finished-at="2023-11-26T15:45:08 IST" duration-ms="594" status="PASS">
          <reporter-output>
          </reporter-output>
        </test-method> <!-- tearDown -->
      </class> <!-- com.capstone.testcases.LoginPageTest -->
      <class name="com.capstone.testcases.HomePageTest">
        <test-method is-config="true" signature="setup()[pri:0, instance:com.capstone.testcases.HomePageTest@242b836]" started-at="2023-11-26T15:45:08 IST" name="setup" finished-at="2023-11-26T15:45:11 IST" duration-ms="3209" status="PASS">
          <reporter-output>
          </reporter-output>
        </test-method> <!-- setup -->
        <test-method signature="verifyLogo()[pri:0, instance:com.capstone.testcases.HomePageTest@242b836]" started-at="2023-11-26T15:45:11 IST" name="verifyLogo" finished-at="2023-11-26T15:45:12 IST" duration-ms="393" status="PASS">
          <reporter-output>
          </reporter-output>
        </test-method> <!-- verifyLogo -->
        <test-method is-config="true" signature="tearDown()[pri:0, instance:com.capstone.testcases.HomePageTest@242b836]" started-at="2023-11-26T15:45:12 IST" name="tearDown" finished-at="2023-11-26T15:45:12 IST" duration-ms="495" status="PASS">
          <reporter-output>
          </reporter-output>
        </test-method> <!-- tearDown -->
        <test-method is-config="true" signature="setup()[pri:0, instance:com.capstone.testcases.HomePageTest@242b836]" started-at="2023-11-26T15:45:12 IST" name="setup" finished-at="2023-11-26T15:45:16 IST" duration-ms="3528" status="PASS">
          <reporter-output>
          </reporter-output>
        </test-method> <!-- setup -->
        <test-method signature="verifyTitle()[pri:0, instance:com.capstone.testcases.HomePageTest@242b836]" started-at="2023-11-26T15:45:16 IST" name="verifyTitle" finished-at="2023-11-26T15:45:16 IST" duration-ms="29" status="PASS">
          <reporter-output>
          </reporter-output>
        </test-method> <!-- verifyTitle -->
        <test-method is-config="true" signature="tearDown()[pri:0, instance:com.capstone.testcases.HomePageTest@242b836]" started-at="2023-11-26T15:45:16 IST" name="tearDown" finished-at="2023-11-26T15:45:16 IST" duration-ms="553" status="PASS">
          <reporter-output>
          </reporter-output>
        </test-method> <!-- tearDown -->
      </class> <!-- com.capstone.testcases.HomePageTest -->
      <class name="com.capstone.testcases.AccountPageTest">
        <test-method is-config="true" signature="setup()[pri:0, instance:com.capstone.testcases.AccountPageTest@73e9cf30]" started-at="2023-11-26T15:43:46 IST" name="setup" finished-at="2023-11-26T15:43:50 IST" duration-ms="3528" status="PASS">
          <reporter-output>
          </reporter-output>
        </test-method> <!-- setup -->
        <test-method signature="orderHistoryTest()[pri:0, instance:com.capstone.testcases.AccountPageTest@73e9cf30]" started-at="2023-11-26T15:43:50 IST" name="orderHistoryTest" finished-at="2023-11-26T15:44:00 IST" duration-ms="9885" status="PASS">
          <reporter-output>
          </reporter-output>
        </test-method> <!-- orderHistoryTest -->
        <test-method is-config="true" signature="tearDown()[pri:0, instance:com.capstone.testcases.AccountPageTest@73e9cf30]" started-at="2023-11-26T15:44:00 IST" name="tearDown" finished-at="2023-11-26T15:44:00 IST" duration-ms="523" status="PASS">
          <reporter-output>
          </reporter-output>
        </test-method> <!-- tearDown -->
        <test-method is-config="true" signature="setup()[pri:0, instance:com.capstone.testcases.AccountPageTest@73e9cf30]" started-at="2023-11-26T15:44:00 IST" name="setup" finished-at="2023-11-26T15:44:04 IST" duration-ms="3299" status="PASS">
          <reporter-output>
          </reporter-output>
        </test-method> <!-- setup -->
        <test-method signature="wishListTest()[pri:0, instance:com.capstone.testcases.AccountPageTest@73e9cf30]" started-at="2023-11-26T15:44:04 IST" name="wishListTest" finished-at="2023-11-26T15:44:11 IST" duration-ms="7647" status="PASS">
          <reporter-output>
          </reporter-output>
        </test-method> <!-- wishListTest -->
        <test-method is-config="true" signature="tearDown()[pri:0, instance:com.capstone.testcases.AccountPageTest@73e9cf30]" started-at="2023-11-26T15:44:11 IST" name="tearDown" finished-at="2023-11-26T15:44:12 IST" duration-ms="546" status="PASS">
          <reporter-output>
          </reporter-output>
        </test-method> <!-- tearDown -->
      </class> <!-- com.capstone.testcases.AccountPageTest -->
      <class name="com.capstone.testcases.EndToEndTest">
        <test-method is-config="true" signature="beforeSuite()[pri:0, instance:com.capstone.testcases.EndToEndTest@7d4f9aae]" started-at="2023-11-26T15:42:41 IST" name="beforeSuite" finished-at="2023-11-26T15:42:41 IST" duration-ms="601" status="PASS">
          <reporter-output>
          </reporter-output>
        </test-method> <!-- beforeSuite -->
        <test-method is-config="true" signature="loadConfig()[pri:0, instance:com.capstone.testcases.EndToEndTest@7d4f9aae]" started-at="2023-11-26T15:42:41 IST" name="loadConfig" finished-at="2023-11-26T15:42:41 IST" duration-ms="2" status="PASS">
          <reporter-output>
          </reporter-output>
        </test-method> <!-- loadConfig -->
        <test-method is-config="true" signature="setup()[pri:0, instance:com.capstone.testcases.EndToEndTest@7d4f9aae]" started-at="2023-11-26T15:42:41 IST" name="setup" finished-at="2023-11-26T15:42:47 IST" duration-ms="5835" status="PASS">
          <reporter-output>
          </reporter-output>
        </test-method> <!-- setup -->
        <test-method signature="endToEndTest()[pri:0, instance:com.capstone.testcases.EndToEndTest@7d4f9aae]" started-at="2023-11-26T15:42:47 IST" name="endToEndTest" finished-at="2023-11-26T15:43:46 IST" duration-ms="58510" status="PASS">
          <reporter-output>
          </reporter-output>
        </test-method> <!-- endToEndTest -->
        <test-method is-config="true" signature="tearDown()[pri:0, instance:com.capstone.testcases.EndToEndTest@7d4f9aae]" started-at="2023-11-26T15:43:46 IST" name="tearDown" finished-at="2023-11-26T15:43:46 IST" duration-ms="729" status="PASS">
          <reporter-output>
          </reporter-output>
        </test-method> <!-- tearDown -->
        <test-method is-config="true" signature="afterSuite()[pri:0, instance:com.capstone.testcases.EndToEndTest@7d4f9aae]" started-at="2023-11-26T15:45:39 IST" name="afterSuite" finished-at="2023-11-26T15:45:39 IST" duration-ms="659" status="PASS">
          <reporter-output>
          </reporter-output>
        </test-method> <!-- afterSuite -->
      </class> <!-- com.capstone.testcases.EndToEndTest -->
      <class name="com.capstone.testcases.SearchResultsPageTest">
        <test-method is-config="true" signature="setup()[pri:0, instance:com.capstone.testcases.SearchResultsPageTest@771a660]" started-at="2023-11-26T15:44:13 IST" name="setup" finished-at="2023-11-26T15:44:17 IST" duration-ms="3292" status="PASS">
          <reporter-output>
          </reporter-output>
        </test-method> <!-- setup -->
        <test-method signature="productAvailibilityTest(java.lang.String)[pri:0, instance:com.capstone.testcases.SearchResultsPageTest@771a660]" started-at="2023-11-26T15:44:17 IST" name="productAvailibilityTest" data-provider="searchProduct" finished-at="2023-11-26T15:44:23 IST" duration-ms="6194" status="PASS">
          <params>
            <param index="0">
              <value>
                <![CDATA[Mens shirts]]>
              </value>
            </param>
          </params>
          <reporter-output>
          </reporter-output>
        </test-method> <!-- productAvailibilityTest -->
        <test-method is-config="true" signature="tearDown()[pri:0, instance:com.capstone.testcases.SearchResultsPageTest@771a660]" started-at="2023-11-26T15:44:23 IST" name="tearDown" finished-at="2023-11-26T15:44:23 IST" duration-ms="486" status="PASS">
          <reporter-output>
          </reporter-output>
        </test-method> <!-- tearDown -->
        <test-method is-config="true" signature="setup()[pri:0, instance:com.capstone.testcases.SearchResultsPageTest@771a660]" started-at="2023-11-26T15:44:23 IST" name="setup" finished-at="2023-11-26T15:44:27 IST" duration-ms="3399" status="PASS">
          <reporter-output>
          </reporter-output>
        </test-method> <!-- setup -->
        <test-method signature="productAvailibilityTest(java.lang.String)[pri:0, instance:com.capstone.testcases.SearchResultsPageTest@771a660]" started-at="2023-11-26T15:44:27 IST" name="productAvailibilityTest" data-provider="searchProduct" finished-at="2023-11-26T15:44:45 IST" duration-ms="17920" status="FAIL">
          <params>
            <param index="0">
              <value>
                <![CDATA[google home]]>
              </value>
            </param>
          </params>
          <exception class="java.lang.AssertionError">
            <message>
              <![CDATA[expected [true] but found [false]]]>
            </message>
            <full-stacktrace>
              <![CDATA[java.lang.AssertionError: expected [true] but found [false]
at org.testng.Assert.fail(Assert.java:99)
at org.testng.Assert.failNotEquals(Assert.java:1037)
at org.testng.Assert.assertTrue(Assert.java:45)
at org.testng.Assert.assertTrue(Assert.java:55)
at com.capstone.testcases.SearchResultsPageTest.productAvailibilityTest(SearchResultsPageTest.java:39)
at java.base/jdk.internal.reflect.NativeMethodAccessorImpl.invoke0(Native Method)
at java.base/jdk.internal.reflect.NativeMethodAccessorImpl.invoke(NativeMethodAccessorImpl.java:77)
at java.base/jdk.internal.reflect.DelegatingMethodAccessorImpl.invoke(DelegatingMethodAccessorImpl.java:43)
at java.base/java.lang.reflect.Method.invoke(Method.java:568)
at org.testng.internal.MethodInvocationHelper.invokeMethod(MethodInvocationHelper.java:133)
at org.testng.internal.TestInvoker.invokeMethod(TestInvoker.java:598)
at org.testng.internal.TestInvoker.invokeTestMethod(TestInvoker.java:173)
at org.testng.internal.MethodRunner.runInSequence(MethodRunner.java:46)
at org.testng.internal.TestInvoker$MethodInvocationAgent.invoke(TestInvoker.java:824)
at org.testng.internal.TestInvoker.invokeTestMethods(TestInvoker.java:146)
at org.testng.internal.TestMethodWorker.invokeTestMethods(TestMethodWorker.java:146)
at org.testng.internal.TestMethodWorker.run(TestMethodWorker.java:128)
at java.base/java.util.ArrayList.forEach(ArrayList.java:1511)
at org.testng.TestRunner.privateRun(TestRunner.java:794)
at org.testng.TestRunner.run(TestRunner.java:596)
at org.testng.SuiteRunner.runTest(SuiteRunner.java:377)
at org.testng.SuiteRunner.runSequentially(SuiteRunner.java:371)
at org.testng.SuiteRunner.privateRun(SuiteRunner.java:332)
at org.testng.SuiteRunner.run(SuiteRunner.java:276)
at org.testng.SuiteRunnerWorker.runSuite(SuiteRunnerWorker.java:53)
at org.testng.SuiteRunnerWorker.run(SuiteRunnerWorker.java:96)
at org.testng.TestNG.runSuitesSequentially(TestNG.java:1212)
at org.testng.TestNG.runSuitesLocally(TestNG.java:1134)
at org.testng.TestNG.runSuites(TestNG.java:1063)
at org.testng.TestNG.run(TestNG.java:1031)
at org.testng.remote.AbstractRemoteTestNG.run(AbstractRemoteTestNG.java:115)
at org.testng.remote.RemoteTestNG.initAndRun(RemoteTestNG.java:251)
at org.testng.remote.RemoteTestNG.main(RemoteTestNG.java:77)
]]>
            </full-stacktrace>
          </exception> <!-- java.lang.AssertionError -->
          <reporter-output>
          </reporter-output>
        </test-method> <!-- productAvailibilityTest -->
        <test-method is-config="true" signature="tearDown()[pri:0, instance:com.capstone.testcases.SearchResultsPageTest@771a660]" started-at="2023-11-26T15:44:45 IST" name="tearDown" finished-at="2023-11-26T15:44:46 IST" duration-ms="669" status="PASS">
          <reporter-output>
          </reporter-output>
        </test-method> <!-- tearDown -->
      </class> <!-- com.capstone.testcases.SearchResultsPageTest -->
      <class name="com.capstone.testcases.AddToCartPageTest">
        <test-method is-config="true" signature="setup()[pri:0, instance:com.capstone.testcases.AddToCartPageTest@942a29c]" started-at="2023-11-26T15:45:16 IST" name="setup" finished-at="2023-11-26T15:45:20 IST" duration-ms="3219" status="PASS">
          <reporter-output>
          </reporter-output>
        </test-method> <!-- setup -->
        <test-method signature="addToCartTest()[pri:0, instance:com.capstone.testcases.AddToCartPageTest@942a29c]" started-at="2023-11-26T15:45:20 IST" name="addToCartTest" finished-at="2023-11-26T15:45:38 IST" duration-ms="18142" status="PASS">
          <reporter-output>
          </reporter-output>
        </test-method> <!-- addToCartTest -->
        <test-method is-config="true" signature="tearDown()[pri:0, instance:com.capstone.testcases.AddToCartPageTest@942a29c]" started-at="2023-11-26T15:45:38 IST" name="tearDown" finished-at="2023-11-26T15:45:38 IST" duration-ms="601" status="PASS">
          <reporter-output>
          </reporter-output>
        </test-method> <!-- tearDown -->
      </class> <!-- com.capstone.testcases.AddToCartPageTest -->
    </test> <!-- Test -->
  </suite> <!-- Suite -->
</testng-results>
